<?xml version="1.0" encoding="UTF-8"?>
<testsuite name="com.ys.kr.springboot.domain.posts.PostsRepositoryTest" tests="2" skipped="0" failures="0" errors="0" timestamp="2020-06-08T01:19:58" hostname="YSK-DeskTop" time="0.183">
  <properties/>
  <testcase name="게시글저장_불러오기" classname="com.ys.kr.springboot.domain.posts.PostsRepositoryTest" time="0.175"/>
  <testcase name="BaseTimeEntity_등록" classname="com.ys.kr.springboot.domain.posts.PostsRepositoryTest" time="0.008"/>
  <system-out><![CDATA[2020-06-08 10:19:54.631  INFO 11556 --- [    Test worker] .b.t.c.SpringBootTestContextBootstrapper : Neither @ContextConfiguration nor @ContextHierarchy found for test class [com.ys.kr.springboot.domain.posts.PostsRepositoryTest], using SpringBootContextLoader
2020-06-08 10:19:54.632  INFO 11556 --- [    Test worker] o.s.t.c.support.AbstractContextLoader    : Could not detect default resource locations for test class [com.ys.kr.springboot.domain.posts.PostsRepositoryTest]: no resource found for suffixes {-context.xml, Context.groovy}.
2020-06-08 10:19:54.633  INFO 11556 --- [    Test worker] t.c.s.AnnotationConfigContextLoaderUtils : Could not detect default configuration classes for test class [com.ys.kr.springboot.domain.posts.PostsRepositoryTest]: PostsRepositoryTest does not declare any static, non-private, non-final, nested classes annotated with @Configuration.
2020-06-08 10:19:54.641  INFO 11556 --- [    Test worker] .b.t.c.SpringBootTestContextBootstrapper : Found @SpringBootConfiguration com.ys.kr.springboot.Application for test class com.ys.kr.springboot.domain.posts.PostsRepositoryTest
2020-06-08 10:19:54.643  INFO 11556 --- [    Test worker] .b.t.c.SpringBootTestContextBootstrapper : Loaded default TestExecutionListener class names from location [META-INF/spring.factories]: [org.springframework.security.test.context.support.WithSecurityContextTestExecutionListener, org.springframework.security.test.context.support.ReactorContextTestExecutionListener, org.springframework.boot.test.autoconfigure.restdocs.RestDocsTestExecutionListener, org.springframework.boot.test.autoconfigure.web.client.MockRestServiceServerResetTestExecutionListener, org.springframework.boot.test.autoconfigure.web.servlet.MockMvcPrintOnlyOnFailureTestExecutionListener, org.springframework.boot.test.autoconfigure.web.servlet.WebDriverTestExecutionListener, org.springframework.boot.test.mock.mockito.MockitoTestExecutionListener, org.springframework.boot.test.mock.mockito.ResetMocksTestExecutionListener, org.springframework.test.context.web.ServletTestExecutionListener, org.springframework.test.context.support.DirtiesContextBeforeModesTestExecutionListener, org.springframework.test.context.support.DependencyInjectionTestExecutionListener, org.springframework.test.context.support.DirtiesContextTestExecutionListener, org.springframework.test.context.transaction.TransactionalTestExecutionListener, org.springframework.test.context.jdbc.SqlScriptsTestExecutionListener]
2020-06-08 10:19:54.643  INFO 11556 --- [    Test worker] .b.t.c.SpringBootTestContextBootstrapper : Using TestExecutionListeners: [org.springframework.test.context.web.ServletTestExecutionListener@58650737, org.springframework.test.context.support.DirtiesContextBeforeModesTestExecutionListener@67c384ff, org.springframework.boot.test.mock.mockito.MockitoTestExecutionListener@1fa5f354, org.springframework.boot.test.autoconfigure.SpringBootDependencyInjectionTestExecutionListener@219904ff, org.springframework.test.context.support.DirtiesContextTestExecutionListener@51b5f344, org.springframework.test.context.transaction.TransactionalTestExecutionListener@2a2a71f1, org.springframework.test.context.jdbc.SqlScriptsTestExecutionListener@1a2508b3, org.springframework.security.test.context.support.WithSecurityContextTestExecutionListener@73f259f4, org.springframework.security.test.context.support.ReactorContextTestExecutionListener@da3bb1d, org.springframework.boot.test.autoconfigure.restdocs.RestDocsTestExecutionListener@74fff6a1, org.springframework.boot.test.autoconfigure.web.client.MockRestServiceServerResetTestExecutionListener@462d081d, org.springframework.boot.test.autoconfigure.web.servlet.MockMvcPrintOnlyOnFailureTestExecutionListener@2771d4d5, org.springframework.boot.test.autoconfigure.web.servlet.WebDriverTestExecutionListener@379ae875, org.springframework.boot.test.mock.mockito.ResetMocksTestExecutionListener@3c5b5ad9]

  .   ____          _            __ _ _
 /\\ / ___'_ __ _ _(_)_ __  __ _ \ \ \ \
( ( )\___ | '_ | '_| | '_ \/ _` | \ \ \ \
 \\/  ___)| |_)| | | | | || (_| |  ) ) ) )
  '  |____| .__|_| |_|_| |_\__, | / / / /
 =========|_|==============|___/=/_/_/_/
 :: Spring Boot ::        (v2.1.7.RELEASE)

2020-06-08 10:19:54.666  INFO 11556 --- [    Test worker] c.y.k.s.d.posts.PostsRepositoryTest      : Starting PostsRepositoryTest on YSK-DeskTop with PID 11556 (started by kim20 in C:\Users\kim20\Desktop\중요한 자료\스프링부트1\freelec-springboot2-webservice)
2020-06-08 10:19:54.666  INFO 11556 --- [    Test worker] c.y.k.s.d.posts.PostsRepositoryTest      : No active profile set, falling back to default profiles: default
2020-06-08 10:19:54.979  INFO 11556 --- [    Test worker] .s.d.r.c.RepositoryConfigurationDelegate : Bootstrapping Spring Data repositories in DEFAULT mode.
2020-06-08 10:19:55.034  INFO 11556 --- [    Test worker] .s.d.r.c.RepositoryConfigurationDelegate : Finished Spring Data repository scanning in 50ms. Found 2 repository interfaces.
2020-06-08 10:19:55.223  INFO 11556 --- [    Test worker] trationDelegate$BeanPostProcessorChecker : Bean 'org.springframework.transaction.annotation.ProxyTransactionManagementConfiguration' of type [org.springframework.transaction.annotation.ProxyTransactionManagementConfiguration$$EnhancerBySpringCGLIB$$69192189] is not eligible for getting processed by all BeanPostProcessors (for example: not eligible for auto-proxying)
2020-06-08 10:19:55.359  INFO 11556 --- [    Test worker] com.zaxxer.hikari.HikariDataSource       : HikariPool-1 - Starting...
2020-06-08 10:19:55.499  INFO 11556 --- [    Test worker] com.zaxxer.hikari.HikariDataSource       : HikariPool-1 - Start completed.
2020-06-08 10:19:55.578  INFO 11556 --- [    Test worker] o.hibernate.jpa.internal.util.LogHelper  : HHH000204: Processing PersistenceUnitInfo [
	name: default
	...]
2020-06-08 10:19:55.648  INFO 11556 --- [    Test worker] org.hibernate.Version                    : HHH000412: Hibernate Core {5.3.10.Final}
2020-06-08 10:19:55.649  INFO 11556 --- [    Test worker] org.hibernate.cfg.Environment            : HHH000206: hibernate.properties not found
2020-06-08 10:19:55.704  INFO 11556 --- [    Test worker] o.hibernate.annotations.common.Version   : HCANN000001: Hibernate Commons Annotations {5.0.4.Final}
2020-06-08 10:19:55.847  INFO 11556 --- [    Test worker] org.hibernate.dialect.Dialect            : HHH000400: Using dialect: org.hibernate.dialect.MySQL5InnoDBDialect
Hibernate: drop table if exists posts
Hibernate: drop table if exists user
Hibernate: create table posts (id bigint not null auto_increment, created_date datetime, modified_date datetime, author varchar(255), content TEXT not null, title varchar(500) not null, primary key (id)) engine=InnoDB
Hibernate: create table user (id bigint not null auto_increment, created_date datetime, modified_date datetime, email varchar(255) not null, name varchar(255) not null, picture varchar(255), role varchar(255) not null, primary key (id)) engine=InnoDB
2020-06-08 10:19:56.565  INFO 11556 --- [    Test worker] o.h.t.schema.internal.SchemaCreatorImpl  : HHH000476: Executing import script 'org.hibernate.tool.schema.internal.exec.ScriptSourceInputNonExistentImpl@6a079d4a'
2020-06-08 10:19:56.568  INFO 11556 --- [    Test worker] j.LocalContainerEntityManagerFactoryBean : Initialized JPA EntityManagerFactory for persistence unit 'default'
2020-06-08 10:19:56.966  INFO 11556 --- [    Test worker] o.h.h.i.QueryTranslatorFactoryInitiator  : HHH000397: Using ASTQueryTranslatorFactory
2020-06-08 10:19:57.251  INFO 11556 --- [    Test worker] o.s.s.web.DefaultSecurityFilterChain     : Creating filter chain: any request, [org.springframework.security.web.context.request.async.WebAsyncManagerIntegrationFilter@1ea988dc, org.springframework.security.web.context.SecurityContextPersistenceFilter@6671bae3, org.springframework.security.web.header.HeaderWriterFilter@6ae3e699, org.springframework.security.web.authentication.logout.LogoutFilter@699414f2, org.springframework.security.oauth2.client.web.OAuth2AuthorizationRequestRedirectFilter@40d2f70b, org.springframework.security.oauth2.client.web.OAuth2LoginAuthenticationFilter@70d1ec7f, org.springframework.security.web.authentication.UsernamePasswordAuthenticationFilter@49d1d5e1, org.springframework.security.web.authentication.ui.DefaultLoginPageGeneratingFilter@2d910e8, org.springframework.security.web.authentication.ui.DefaultLogoutPageGeneratingFilter@405cb858, org.springframework.security.web.authentication.www.BasicAuthenticationFilter@6164329b, org.springframework.security.web.savedrequest.RequestCacheAwareFilter@3d20b640, org.springframework.security.web.servletapi.SecurityContextHolderAwareRequestFilter@48824853, org.springframework.security.web.authentication.AnonymousAuthenticationFilter@7e5036f, org.springframework.security.web.session.SessionManagementFilter@7ad618eb, org.springframework.security.web.access.ExceptionTranslationFilter@12993267, org.springframework.security.web.access.intercept.FilterSecurityInterceptor@46f9afcc]
2020-06-08 10:19:57.569  INFO 11556 --- [    Test worker] o.s.s.concurrent.ThreadPoolTaskExecutor  : Initializing ExecutorService 'applicationTaskExecutor'
2020-06-08 10:19:57.584  WARN 11556 --- [    Test worker] aWebConfiguration$JpaWebMvcConfiguration : spring.jpa.open-in-view is enabled by default. Therefore, database queries may be performed during view rendering. Explicitly configure spring.jpa.open-in-view to disable this warning
2020-06-08 10:19:57.613  INFO 11556 --- [    Test worker] o.s.b.a.w.s.WelcomePageHandlerMapping    : Adding welcome page template: index
2020-06-08 10:19:58.112  INFO 11556 --- [    Test worker] s.a.ScheduledAnnotationBeanPostProcessor : No TaskScheduler/ScheduledExecutorService bean found for scheduled processing
2020-06-08 10:19:58.119  INFO 11556 --- [    Test worker] c.y.k.s.d.posts.PostsRepositoryTest      : Started PostsRepositoryTest in 3.474 seconds (JVM running for 6.563)
Hibernate: insert into posts (created_date, modified_date, author, content, title) values (?, ?, ?, ?, ?)
Hibernate: select posts0_.id as id1_0_, posts0_.created_date as created_2_0_, posts0_.modified_date as modified3_0_, posts0_.author as author4_0_, posts0_.content as content5_0_, posts0_.title as title6_0_ from posts posts0_
Hibernate: select posts0_.id as id1_0_, posts0_.created_date as created_2_0_, posts0_.modified_date as modified3_0_, posts0_.author as author4_0_, posts0_.content as content5_0_, posts0_.title as title6_0_ from posts posts0_
Hibernate: delete from posts where id=?
Hibernate: insert into posts (created_date, modified_date, author, content, title) values (?, ?, ?, ?, ?)
Hibernate: select posts0_.id as id1_0_, posts0_.created_date as created_2_0_, posts0_.modified_date as modified3_0_, posts0_.author as author4_0_, posts0_.content as content5_0_, posts0_.title as title6_0_ from posts posts0_
>>>>>>>>>>>>>>>>>> createDate= 2020-06-08T10:19:58.301, modifiedDate = 2020-06-08T10:19:58.301
Hibernate: select posts0_.id as id1_0_, posts0_.created_date as created_2_0_, posts0_.modified_date as modified3_0_, posts0_.author as author4_0_, posts0_.content as content5_0_, posts0_.title as title6_0_ from posts posts0_
Hibernate: delete from posts where id=?
]]></system-out>
  <system-err><![CDATA[]]></system-err>
</testsuite>
