<?xml version="1.0" encoding="UTF-8"?>
<testsuite name="com.ys.kr.springboot.web.IndexControllerTest" tests="1" skipped="0" failures="0" errors="0" timestamp="2020-06-08T01:19:59" hostname="YSK-DeskTop" time="0.12">
  <properties/>
  <testcase name="메인페이지_로딩" classname="com.ys.kr.springboot.web.IndexControllerTest" time="0.12"/>
  <system-out><![CDATA[2020-06-08 10:19:58.313  INFO 11556 --- [    Test worker] .b.t.c.SpringBootTestContextBootstrapper : Neither @ContextConfiguration nor @ContextHierarchy found for test class [com.ys.kr.springboot.web.IndexControllerTest], using SpringBootContextLoader
2020-06-08 10:19:58.314  INFO 11556 --- [    Test worker] o.s.t.c.support.AbstractContextLoader    : Could not detect default resource locations for test class [com.ys.kr.springboot.web.IndexControllerTest]: no resource found for suffixes {-context.xml, Context.groovy}.
2020-06-08 10:19:58.314  INFO 11556 --- [    Test worker] t.c.s.AnnotationConfigContextLoaderUtils : Could not detect default configuration classes for test class [com.ys.kr.springboot.web.IndexControllerTest]: IndexControllerTest does not declare any static, non-private, non-final, nested classes annotated with @Configuration.
2020-06-08 10:19:58.322  INFO 11556 --- [    Test worker] .b.t.c.SpringBootTestContextBootstrapper : Found @SpringBootConfiguration com.ys.kr.springboot.Application for test class com.ys.kr.springboot.web.IndexControllerTest
2020-06-08 10:19:58.323  INFO 11556 --- [    Test worker] .b.t.c.SpringBootTestContextBootstrapper : Loaded default TestExecutionListener class names from location [META-INF/spring.factories]: [org.springframework.security.test.context.support.WithSecurityContextTestExecutionListener, org.springframework.security.test.context.support.ReactorContextTestExecutionListener, org.springframework.boot.test.autoconfigure.restdocs.RestDocsTestExecutionListener, org.springframework.boot.test.autoconfigure.web.client.MockRestServiceServerResetTestExecutionListener, org.springframework.boot.test.autoconfigure.web.servlet.MockMvcPrintOnlyOnFailureTestExecutionListener, org.springframework.boot.test.autoconfigure.web.servlet.WebDriverTestExecutionListener, org.springframework.boot.test.mock.mockito.MockitoTestExecutionListener, org.springframework.boot.test.mock.mockito.ResetMocksTestExecutionListener, org.springframework.test.context.web.ServletTestExecutionListener, org.springframework.test.context.support.DirtiesContextBeforeModesTestExecutionListener, org.springframework.test.context.support.DependencyInjectionTestExecutionListener, org.springframework.test.context.support.DirtiesContextTestExecutionListener, org.springframework.test.context.transaction.TransactionalTestExecutionListener, org.springframework.test.context.jdbc.SqlScriptsTestExecutionListener]
2020-06-08 10:19:58.324  INFO 11556 --- [    Test worker] .b.t.c.SpringBootTestContextBootstrapper : Using TestExecutionListeners: [org.springframework.test.context.web.ServletTestExecutionListener@7a77da27, org.springframework.test.context.support.DirtiesContextBeforeModesTestExecutionListener@3d7bcb1c, org.springframework.boot.test.mock.mockito.MockitoTestExecutionListener@284e3679, org.springframework.boot.test.autoconfigure.SpringBootDependencyInjectionTestExecutionListener@22c8a337, org.springframework.test.context.support.DirtiesContextTestExecutionListener@662ae3ab, org.springframework.test.context.transaction.TransactionalTestExecutionListener@5eae759, org.springframework.test.context.jdbc.SqlScriptsTestExecutionListener@5ccef463, org.springframework.security.test.context.support.WithSecurityContextTestExecutionListener@3b7835d6, org.springframework.security.test.context.support.ReactorContextTestExecutionListener@a7ebea9, org.springframework.boot.test.autoconfigure.restdocs.RestDocsTestExecutionListener@587c4090, org.springframework.boot.test.autoconfigure.web.client.MockRestServiceServerResetTestExecutionListener@733ada10, org.springframework.boot.test.autoconfigure.web.servlet.MockMvcPrintOnlyOnFailureTestExecutionListener@9169724, org.springframework.boot.test.autoconfigure.web.servlet.WebDriverTestExecutionListener@7662eb59, org.springframework.boot.test.mock.mockito.ResetMocksTestExecutionListener@4c204dc5]

  .   ____          _            __ _ _
 /\\ / ___'_ __ _ _(_)_ __  __ _ \ \ \ \
( ( )\___ | '_ | '_| | '_ \/ _` | \ \ \ \
 \\/  ___)| |_)| | | | | || (_| |  ) ) ) )
  '  |____| .__|_| |_|_| |_\__, | / / / /
 =========|_|==============|___/=/_/_/_/
 :: Spring Boot ::        (v2.1.7.RELEASE)

2020-06-08 10:19:58.357  INFO 11556 --- [    Test worker] c.y.k.s.web.IndexControllerTest          : Starting IndexControllerTest on YSK-DeskTop with PID 11556 (started by kim20 in C:\Users\kim20\Desktop\중요한 자료\스프링부트1\freelec-springboot2-webservice)
2020-06-08 10:19:58.358  INFO 11556 --- [    Test worker] c.y.k.s.web.IndexControllerTest          : No active profile set, falling back to default profiles: default
2020-06-08 10:19:58.538  INFO 11556 --- [    Test worker] .s.d.r.c.RepositoryConfigurationDelegate : Bootstrapping Spring Data repositories in DEFAULT mode.
2020-06-08 10:19:58.558  INFO 11556 --- [    Test worker] .s.d.r.c.RepositoryConfigurationDelegate : Finished Spring Data repository scanning in 20ms. Found 2 repository interfaces.
2020-06-08 10:19:58.633  INFO 11556 --- [    Test worker] trationDelegate$BeanPostProcessorChecker : Bean 'org.springframework.transaction.annotation.ProxyTransactionManagementConfiguration' of type [org.springframework.transaction.annotation.ProxyTransactionManagementConfiguration$$EnhancerBySpringCGLIB$$69192189] is not eligible for getting processed by all BeanPostProcessors (for example: not eligible for auto-proxying)
2020-06-08 10:19:58.829  INFO 11556 --- [    Test worker] o.s.b.w.embedded.tomcat.TomcatWebServer  : Tomcat initialized with port(s): 0 (http)
2020-06-08 10:19:58.853  INFO 11556 --- [    Test worker] o.apache.catalina.core.StandardService   : Starting service [Tomcat]
2020-06-08 10:19:58.853  INFO 11556 --- [    Test worker] org.apache.catalina.core.StandardEngine  : Starting Servlet engine: [Apache Tomcat/9.0.22]
2020-06-08 10:19:58.973  INFO 11556 --- [    Test worker] o.a.c.c.C.[Tomcat].[localhost].[/]       : Initializing Spring embedded WebApplicationContext
2020-06-08 10:19:58.974  INFO 11556 --- [    Test worker] o.s.web.context.ContextLoader            : Root WebApplicationContext: initialization completed in 614 ms
2020-06-08 10:19:59.082  INFO 11556 --- [    Test worker] com.zaxxer.hikari.HikariDataSource       : HikariPool-2 - Starting...
2020-06-08 10:19:59.082  INFO 11556 --- [    Test worker] com.zaxxer.hikari.HikariDataSource       : HikariPool-2 - Start completed.
2020-06-08 10:19:59.104  INFO 11556 --- [    Test worker] o.hibernate.jpa.internal.util.LogHelper  : HHH000204: Processing PersistenceUnitInfo [
	name: default
	...]
2020-06-08 10:19:59.112  INFO 11556 --- [    Test worker] org.hibernate.dialect.Dialect            : HHH000400: Using dialect: org.hibernate.dialect.MySQL5InnoDBDialect
Hibernate: drop table if exists posts
Hibernate: drop table if exists user
Hibernate: create table posts (id bigint not null auto_increment, created_date datetime, modified_date datetime, author varchar(255), content TEXT not null, title varchar(500) not null, primary key (id)) engine=InnoDB
Hibernate: create table user (id bigint not null auto_increment, created_date datetime, modified_date datetime, email varchar(255) not null, name varchar(255) not null, picture varchar(255), role varchar(255) not null, primary key (id)) engine=InnoDB
2020-06-08 10:19:59.149  INFO 11556 --- [    Test worker] o.h.t.schema.internal.SchemaCreatorImpl  : HHH000476: Executing import script 'org.hibernate.tool.schema.internal.exec.ScriptSourceInputNonExistentImpl@6a079d4a'
2020-06-08 10:19:59.149  INFO 11556 --- [    Test worker] j.LocalContainerEntityManagerFactoryBean : Initialized JPA EntityManagerFactory for persistence unit 'default'
2020-06-08 10:19:59.351  INFO 11556 --- [    Test worker] o.h.h.i.QueryTranslatorFactoryInitiator  : HHH000397: Using ASTQueryTranslatorFactory
2020-06-08 10:19:59.474  INFO 11556 --- [    Test worker] o.s.s.web.DefaultSecurityFilterChain     : Creating filter chain: any request, [org.springframework.security.web.context.request.async.WebAsyncManagerIntegrationFilter@5d643d12, org.springframework.security.web.context.SecurityContextPersistenceFilter@7df8cd28, org.springframework.security.web.header.HeaderWriterFilter@1cfde51, org.springframework.security.web.authentication.logout.LogoutFilter@62e98cbe, org.springframework.security.oauth2.client.web.OAuth2AuthorizationRequestRedirectFilter@54eb6f7b, org.springframework.security.oauth2.client.web.OAuth2LoginAuthenticationFilter@560a2f91, org.springframework.security.web.authentication.UsernamePasswordAuthenticationFilter@40f07bea, org.springframework.security.web.authentication.ui.DefaultLoginPageGeneratingFilter@59c38b23, org.springframework.security.web.authentication.ui.DefaultLogoutPageGeneratingFilter@5a95e788, org.springframework.security.web.authentication.www.BasicAuthenticationFilter@527b0091, org.springframework.security.web.savedrequest.RequestCacheAwareFilter@4ed1cb41, org.springframework.security.web.servletapi.SecurityContextHolderAwareRequestFilter@3113b99c, org.springframework.security.web.authentication.AnonymousAuthenticationFilter@19f9f81b, org.springframework.security.web.session.SessionManagementFilter@c1c8491, org.springframework.security.web.access.ExceptionTranslationFilter@3640bb45, org.springframework.security.web.access.intercept.FilterSecurityInterceptor@7a8d029f]
2020-06-08 10:19:59.614  INFO 11556 --- [    Test worker] o.s.s.concurrent.ThreadPoolTaskExecutor  : Initializing ExecutorService 'applicationTaskExecutor'
2020-06-08 10:19:59.622  WARN 11556 --- [    Test worker] aWebConfiguration$JpaWebMvcConfiguration : spring.jpa.open-in-view is enabled by default. Therefore, database queries may be performed during view rendering. Explicitly configure spring.jpa.open-in-view to disable this warning
2020-06-08 10:19:59.639  INFO 11556 --- [    Test worker] o.s.b.a.w.s.WelcomePageHandlerMapping    : Adding welcome page template: index
2020-06-08 10:19:59.813  INFO 11556 --- [    Test worker] s.a.ScheduledAnnotationBeanPostProcessor : No TaskScheduler/ScheduledExecutorService bean found for scheduled processing
2020-06-08 10:19:59.826  INFO 11556 --- [    Test worker] o.s.b.w.embedded.tomcat.TomcatWebServer  : Tomcat started on port(s): 54008 (http) with context path ''
2020-06-08 10:19:59.826  INFO 11556 --- [    Test worker] c.y.k.s.web.IndexControllerTest          : Started IndexControllerTest in 1.5 seconds (JVM running for 8.27)
2020-06-08 10:19:59.887  INFO 11556 --- [o-auto-1-exec-1] o.a.c.c.C.[Tomcat].[localhost].[/]       : Initializing Spring DispatcherServlet 'dispatcherServlet'
2020-06-08 10:19:59.888  INFO 11556 --- [o-auto-1-exec-1] o.s.web.servlet.DispatcherServlet        : Initializing Servlet 'dispatcherServlet'
2020-06-08 10:19:59.899  INFO 11556 --- [o-auto-1-exec-1] o.s.web.servlet.DispatcherServlet        : Completed initialization in 11 ms
Hibernate: select posts0_.id as id1_0_, posts0_.created_date as created_2_0_, posts0_.modified_date as modified3_0_, posts0_.author as author4_0_, posts0_.content as content5_0_, posts0_.title as title6_0_ from posts posts0_ order by posts0_.id DESC
]]></system-out>
  <system-err><![CDATA[]]></system-err>
</testsuite>
